
*** Running vivado
    with args -log cpu.vds -m64 -mode batch -messageDb vivado.pb -notrace -source cpu.tcl


****** Vivado v2015.2 (64-bit)
  **** SW Build 1266856 on Fri Jun 26 16:35:25 MDT 2015
  **** IP Build 1264090 on Wed Jun 24 14:22:01 MDT 2015
    ** Copyright 1986-2015 Xilinx, Inc. All Rights Reserved.

source cpu.tcl -notrace
Command: synth_design -top cpu -part xc7z010clg400-1
Starting synth_design
Attempting to get a license for feature 'Synthesis' and/or device 'xc7z010'
INFO: [Common 17-349] Got license for feature 'Synthesis' and/or device 'xc7z010'
---------------------------------------------------------------------------------
Starting RTL Elaboration : Time (s): cpu = 00:00:07 ; elapsed = 00:00:09 . Memory (MB): peak = 245.395 ; gain = 64.879
---------------------------------------------------------------------------------
INFO: [Synth 8-638] synthesizing module 'cpu' [C:/MIPS_Processor/vivado_synthesis/MIPS_CPU/src/cpu.v:14]
	Parameter INSTR_MEM_DAT bound to: asmtest/yolo_is_so_2013/file1.dat - type: string 
	Parameter DATA_MEM_DAT bound to: (null) - type: string 
INFO: [Synth 8-638] synthesizing module 'pc' [C:/MIPS_Processor/vivado_synthesis/MIPS_CPU/src/components/pc.v:7]
INFO: [Synth 8-256] done synthesizing module 'pc' (1#1) [C:/MIPS_Processor/vivado_synthesis/MIPS_CPU/src/components/pc.v:7]
INFO: [Synth 8-638] synthesizing module 'memory' [C:/MIPS_Processor/vivado_synthesis/MIPS_CPU/src/components/instructionmemory.v:9]
	Parameter addresswidth bound to: 32 - type: integer 
	Parameter depth bound to: 16384 - type: integer 
	Parameter width bound to: 32 - type: integer 
	Parameter loadfrom bound to: asmtest/yolo_is_so_2013/file1.dat - type: string 

Warning: Trying to implement RAM in registers. Block RAM or DRAM implementation is not possible for one or more of the following reasons :
	1: Unable to determine number of words or word size in RAM. 
RAM dissolved into registers
WARNING: [Synth 8-3848] Net mem in module/entity memory does not have driver. [C:/MIPS_Processor/vivado_synthesis/MIPS_CPU/src/components/instructionmemory.v:22]
WARNING: [Synth 8-3848] Net mem in module/entity memory does not have driver. [C:/MIPS_Processor/vivado_synthesis/MIPS_CPU/src/components/instructionmemory.v:22]
WARNING: [Synth 8-3848] Net mem in module/entity memory does not have driver. [C:/MIPS_Processor/vivado_synthesis/MIPS_CPU/src/components/instructionmemory.v:22]
WARNING: [Synth 8-3848] Net mem in module/entity memory does not have driver. [C:/MIPS_Processor/vivado_synthesis/MIPS_CPU/src/components/instructionmemory.v:22]
WARNING: [Synth 8-3848] Net mem in module/entity memory does not have driver. [C:/MIPS_Processor/vivado_synthesis/MIPS_CPU/src/components/instructionmemory.v:22]
WARNING: [Synth 8-3848] Net mem in module/entity memory does not have driver. [C:/MIPS_Processor/vivado_synthesis/MIPS_CPU/src/components/instructionmemory.v:22]
WARNING: [Synth 8-3848] Net mem in module/entity memory does not have driver. [C:/MIPS_Processor/vivado_synthesis/MIPS_CPU/src/components/instructionmemory.v:22]
WARNING: [Synth 8-3848] Net mem in module/entity memory does not have driver. [C:/MIPS_Processor/vivado_synthesis/MIPS_CPU/src/components/instructionmemory.v:22]
WARNING: [Synth 8-3848] Net mem in module/entity memory does not have driver. [C:/MIPS_Processor/vivado_synthesis/MIPS_CPU/src/components/instructionmemory.v:22]
WARNING: [Synth 8-3848] Net mem in module/entity memory does not have driver. [C:/MIPS_Processor/vivado_synthesis/MIPS_CPU/src/components/instructionmemory.v:22]
WARNING: [Synth 8-3848] Net mem in module/entity memory does not have driver. [C:/MIPS_Processor/vivado_synthesis/MIPS_CPU/src/components/instructionmemory.v:22]
WARNING: [Synth 8-3848] Net mem in module/entity memory does not have driver. [C:/MIPS_Processor/vivado_synthesis/MIPS_CPU/src/components/instructionmemory.v:22]
WARNING: [Synth 8-3848] Net mem in module/entity memory does not have driver. [C:/MIPS_Processor/vivado_synthesis/MIPS_CPU/src/components/instructionmemory.v:22]
WARNING: [Synth 8-3848] Net mem in module/entity memory does not have driver. [C:/MIPS_Processor/vivado_synthesis/MIPS_CPU/src/components/instructionmemory.v:22]
WARNING: [Synth 8-3848] Net mem in module/entity memory does not have driver. [C:/MIPS_Processor/vivado_synthesis/MIPS_CPU/src/components/instructionmemory.v:22]
WARNING: [Synth 8-3848] Net mem in module/entity memory does not have driver. [C:/MIPS_Processor/vivado_synthesis/MIPS_CPU/src/components/instructionmemory.v:22]
WARNING: [Synth 8-3848] Net mem in module/entity memory does not have driver. [C:/MIPS_Processor/vivado_synthesis/MIPS_CPU/src/components/instructionmemory.v:22]
WARNING: [Synth 8-3848] Net mem in module/entity memory does not have driver. [C:/MIPS_Processor/vivado_synthesis/MIPS_CPU/src/components/instructionmemory.v:22]
WARNING: [Synth 8-3848] Net mem in module/entity memory does not have driver. [C:/MIPS_Processor/vivado_synthesis/MIPS_CPU/src/components/instructionmemory.v:22]
WARNING: [Synth 8-3848] Net mem in module/entity memory does not have driver. [C:/MIPS_Processor/vivado_synthesis/MIPS_CPU/src/components/instructionmemory.v:22]
WARNING: [Synth 8-3848] Net mem in module/entity memory does not have driver. [C:/MIPS_Processor/vivado_synthesis/MIPS_CPU/src/components/instructionmemory.v:22]
WARNING: [Synth 8-3848] Net mem in module/entity memory does not have driver. [C:/MIPS_Processor/vivado_synthesis/MIPS_CPU/src/components/instructionmemory.v:22]
WARNING: [Synth 8-3848] Net mem in module/entity memory does not have driver. [C:/MIPS_Processor/vivado_synthesis/MIPS_CPU/src/components/instructionmemory.v:22]
WARNING: [Synth 8-3848] Net mem in module/entity memory does not have driver. [C:/MIPS_Processor/vivado_synthesis/MIPS_CPU/src/components/instructionmemory.v:22]
WARNING: [Synth 8-3848] Net mem in module/entity memory does not have driver. [C:/MIPS_Processor/vivado_synthesis/MIPS_CPU/src/components/instructionmemory.v:22]
WARNING: [Synth 8-3848] Net mem in module/entity memory does not have driver. [C:/MIPS_Processor/vivado_synthesis/MIPS_CPU/src/components/instructionmemory.v:22]
WARNING: [Synth 8-3848] Net mem in module/entity memory does not have driver. [C:/MIPS_Processor/vivado_synthesis/MIPS_CPU/src/components/instructionmemory.v:22]
WARNING: [Synth 8-3848] Net mem in module/entity memory does not have driver. [C:/MIPS_Processor/vivado_synthesis/MIPS_CPU/src/components/instructionmemory.v:22]
WARNING: [Synth 8-3848] Net mem in module/entity memory does not have driver. [C:/MIPS_Processor/vivado_synthesis/MIPS_CPU/src/components/instructionmemory.v:22]
WARNING: [Synth 8-3848] Net mem in module/entity memory does not have driver. [C:/MIPS_Processor/vivado_synthesis/MIPS_CPU/src/components/instructionmemory.v:22]
WARNING: [Synth 8-3848] Net mem in module/entity memory does not have driver. [C:/MIPS_Processor/vivado_synthesis/MIPS_CPU/src/components/instructionmemory.v:22]
WARNING: [Synth 8-3848] Net mem in module/entity memory does not have driver. [C:/MIPS_Processor/vivado_synthesis/MIPS_CPU/src/components/instructionmemory.v:22]
WARNING: [Synth 8-3848] Net mem in module/entity memory does not have driver. [C:/MIPS_Processor/vivado_synthesis/MIPS_CPU/src/components/instructionmemory.v:22]
WARNING: [Synth 8-3848] Net mem in module/entity memory does not have driver. [C:/MIPS_Processor/vivado_synthesis/MIPS_CPU/src/components/instructionmemory.v:22]
WARNING: [Synth 8-3848] Net mem in module/entity memory does not have driver. [C:/MIPS_Processor/vivado_synthesis/MIPS_CPU/src/components/instructionmemory.v:22]
WARNING: [Synth 8-3848] Net mem in module/entity memory does not have driver. [C:/MIPS_Processor/vivado_synthesis/MIPS_CPU/src/components/instructionmemory.v:22]
WARNING: [Synth 8-3848] Net mem in module/entity memory does not have driver. [C:/MIPS_Processor/vivado_synthesis/MIPS_CPU/src/components/instructionmemory.v:22]
WARNING: [Synth 8-3848] Net mem in module/entity memory does not have driver. [C:/MIPS_Processor/vivado_synthesis/MIPS_CPU/src/components/instructionmemory.v:22]
WARNING: [Synth 8-3848] Net mem in module/entity memory does not have driver. [C:/MIPS_Processor/vivado_synthesis/MIPS_CPU/src/components/instructionmemory.v:22]
WARNING: [Synth 8-3848] Net mem in module/entity memory does not have driver. [C:/MIPS_Processor/vivado_synthesis/MIPS_CPU/src/components/instructionmemory.v:22]
WARNING: [Synth 8-3848] Net mem in module/entity memory does not have driver. [C:/MIPS_Processor/vivado_synthesis/MIPS_CPU/src/components/instructionmemory.v:22]
WARNING: [Synth 8-3848] Net mem in module/entity memory does not have driver. [C:/MIPS_Processor/vivado_synthesis/MIPS_CPU/src/components/instructionmemory.v:22]
WARNING: [Synth 8-3848] Net mem in module/entity memory does not have driver. [C:/MIPS_Processor/vivado_synthesis/MIPS_CPU/src/components/instructionmemory.v:22]
WARNING: [Synth 8-3848] Net mem in module/entity memory does not have driver. [C:/MIPS_Processor/vivado_synthesis/MIPS_CPU/src/components/instructionmemory.v:22]
WARNING: [Synth 8-3848] Net mem in module/entity memory does not have driver. [C:/MIPS_Processor/vivado_synthesis/MIPS_CPU/src/components/instructionmemory.v:22]
WARNING: [Synth 8-3848] Net mem in module/entity memory does not have driver. [C:/MIPS_Processor/vivado_synthesis/MIPS_CPU/src/components/instructionmemory.v:22]
WARNING: [Synth 8-3848] Net mem in module/entity memory does not have driver. [C:/MIPS_Processor/vivado_synthesis/MIPS_CPU/src/components/instructionmemory.v:22]
WARNING: [Synth 8-3848] Net mem in module/entity memory does not have driver. [C:/MIPS_Processor/vivado_synthesis/MIPS_CPU/src/components/instructionmemory.v:22]
WARNING: [Synth 8-3848] Net mem in module/entity memory does not have driver. [C:/MIPS_Processor/vivado_synthesis/MIPS_CPU/src/components/instructionmemory.v:22]
WARNING: [Synth 8-3848] Net mem in module/entity memory does not have driver. [C:/MIPS_Processor/vivado_synthesis/MIPS_CPU/src/components/instructionmemory.v:22]
WARNING: [Synth 8-3848] Net mem in module/entity memory does not have driver. [C:/MIPS_Processor/vivado_synthesis/MIPS_CPU/src/components/instructionmemory.v:22]
WARNING: [Synth 8-3848] Net mem in module/entity memory does not have driver. [C:/MIPS_Processor/vivado_synthesis/MIPS_CPU/src/components/instructionmemory.v:22]
WARNING: [Synth 8-3848] Net mem in module/entity memory does not have driver. [C:/MIPS_Processor/vivado_synthesis/MIPS_CPU/src/components/instructionmemory.v:22]
WARNING: [Synth 8-3848] Net mem in module/entity memory does not have driver. [C:/MIPS_Processor/vivado_synthesis/MIPS_CPU/src/components/instructionmemory.v:22]
WARNING: [Synth 8-3848] Net mem in module/entity memory does not have driver. [C:/MIPS_Processor/vivado_synthesis/MIPS_CPU/src/components/instructionmemory.v:22]
WARNING: [Synth 8-3848] Net mem in module/entity memory does not have driver. [C:/MIPS_Processor/vivado_synthesis/MIPS_CPU/src/components/instructionmemory.v:22]
WARNING: [Synth 8-3848] Net mem in module/entity memory does not have driver. [C:/MIPS_Processor/vivado_synthesis/MIPS_CPU/src/components/instructionmemory.v:22]
WARNING: [Synth 8-3848] Net mem in module/entity memory does not have driver. [C:/MIPS_Processor/vivado_synthesis/MIPS_CPU/src/components/instructionmemory.v:22]
WARNING: [Synth 8-3848] Net mem in module/entity memory does not have driver. [C:/MIPS_Processor/vivado_synthesis/MIPS_CPU/src/components/instructionmemory.v:22]
WARNING: [Synth 8-3848] Net mem in module/entity memory does not have driver. [C:/MIPS_Processor/vivado_synthesis/MIPS_CPU/src/components/instructionmemory.v:22]
WARNING: [Synth 8-3848] Net mem in module/entity memory does not have driver. [C:/MIPS_Processor/vivado_synthesis/MIPS_CPU/src/components/instructionmemory.v:22]
WARNING: [Synth 8-3848] Net mem in module/entity memory does not have driver. [C:/MIPS_Processor/vivado_synthesis/MIPS_CPU/src/components/instructionmemory.v:22]
WARNING: [Synth 8-3848] Net mem in module/entity memory does not have driver. [C:/MIPS_Processor/vivado_synthesis/MIPS_CPU/src/components/instructionmemory.v:22]
WARNING: [Synth 8-3848] Net mem in module/entity memory does not have driver. [C:/MIPS_Processor/vivado_synthesis/MIPS_CPU/src/components/instructionmemory.v:22]
WARNING: [Synth 8-3848] Net mem in module/entity memory does not have driver. [C:/MIPS_Processor/vivado_synthesis/MIPS_CPU/src/components/instructionmemory.v:22]
WARNING: [Synth 8-3848] Net mem in module/entity memory does not have driver. [C:/MIPS_Processor/vivado_synthesis/MIPS_CPU/src/components/instructionmemory.v:22]
WARNING: [Synth 8-3848] Net mem in module/entity memory does not have driver. [C:/MIPS_Processor/vivado_synthesis/MIPS_CPU/src/components/instructionmemory.v:22]
WARNING: [Synth 8-3848] Net mem in module/entity memory does not have driver. [C:/MIPS_Processor/vivado_synthesis/MIPS_CPU/src/components/instructionmemory.v:22]
WARNING: [Synth 8-3848] Net mem in module/entity memory does not have driver. [C:/MIPS_Processor/vivado_synthesis/MIPS_CPU/src/components/instructionmemory.v:22]
WARNING: [Synth 8-3848] Net mem in module/entity memory does not have driver. [C:/MIPS_Processor/vivado_synthesis/MIPS_CPU/src/components/instructionmemory.v:22]
WARNING: [Synth 8-3848] Net mem in module/entity memory does not have driver. [C:/MIPS_Processor/vivado_synthesis/MIPS_CPU/src/components/instructionmemory.v:22]
WARNING: [Synth 8-3848] Net mem in module/entity memory does not have driver. [C:/MIPS_Processor/vivado_synthesis/MIPS_CPU/src/components/instructionmemory.v:22]
WARNING: [Synth 8-3848] Net mem in module/entity memory does not have driver. [C:/MIPS_Processor/vivado_synthesis/MIPS_CPU/src/components/instructionmemory.v:22]
WARNING: [Synth 8-3848] Net mem in module/entity memory does not have driver. [C:/MIPS_Processor/vivado_synthesis/MIPS_CPU/src/components/instructionmemory.v:22]
WARNING: [Synth 8-3848] Net mem in module/entity memory does not have driver. [C:/MIPS_Processor/vivado_synthesis/MIPS_CPU/src/components/instructionmemory.v:22]
WARNING: [Synth 8-3848] Net mem in module/entity memory does not have driver. [C:/MIPS_Processor/vivado_synthesis/MIPS_CPU/src/components/instructionmemory.v:22]
WARNING: [Synth 8-3848] Net mem in module/entity memory does not have driver. [C:/MIPS_Processor/vivado_synthesis/MIPS_CPU/src/components/instructionmemory.v:22]
WARNING: [Synth 8-3848] Net mem in module/entity memory does not have driver. [C:/MIPS_Processor/vivado_synthesis/MIPS_CPU/src/components/instructionmemory.v:22]
WARNING: [Synth 8-3848] Net mem in module/entity memory does not have driver. [C:/MIPS_Processor/vivado_synthesis/MIPS_CPU/src/components/instructionmemory.v:22]
WARNING: [Synth 8-3848] Net mem in module/entity memory does not have driver. [C:/MIPS_Processor/vivado_synthesis/MIPS_CPU/src/components/instructionmemory.v:22]
WARNING: [Synth 8-3848] Net mem in module/entity memory does not have driver. [C:/MIPS_Processor/vivado_synthesis/MIPS_CPU/src/components/instructionmemory.v:22]
WARNING: [Synth 8-3848] Net mem in module/entity memory does not have driver. [C:/MIPS_Processor/vivado_synthesis/MIPS_CPU/src/components/instructionmemory.v:22]
WARNING: [Synth 8-3848] Net mem in module/entity memory does not have driver. [C:/MIPS_Processor/vivado_synthesis/MIPS_CPU/src/components/instructionmemory.v:22]
WARNING: [Synth 8-3848] Net mem in module/entity memory does not have driver. [C:/MIPS_Processor/vivado_synthesis/MIPS_CPU/src/components/instructionmemory.v:22]
WARNING: [Synth 8-3848] Net mem in module/entity memory does not have driver. [C:/MIPS_Processor/vivado_synthesis/MIPS_CPU/src/components/instructionmemory.v:22]
WARNING: [Synth 8-3848] Net mem in module/entity memory does not have driver. [C:/MIPS_Processor/vivado_synthesis/MIPS_CPU/src/components/instructionmemory.v:22]
WARNING: [Synth 8-3848] Net mem in module/entity memory does not have driver. [C:/MIPS_Processor/vivado_synthesis/MIPS_CPU/src/components/instructionmemory.v:22]
WARNING: [Synth 8-3848] Net mem in module/entity memory does not have driver. [C:/MIPS_Processor/vivado_synthesis/MIPS_CPU/src/components/instructionmemory.v:22]
WARNING: [Synth 8-3848] Net mem in module/entity memory does not have driver. [C:/MIPS_Processor/vivado_synthesis/MIPS_CPU/src/components/instructionmemory.v:22]
WARNING: [Synth 8-3848] Net mem in module/entity memory does not have driver. [C:/MIPS_Processor/vivado_synthesis/MIPS_CPU/src/components/instructionmemory.v:22]
WARNING: [Synth 8-3848] Net mem in module/entity memory does not have driver. [C:/MIPS_Processor/vivado_synthesis/MIPS_CPU/src/components/instructionmemory.v:22]
WARNING: [Synth 8-3848] Net mem in module/entity memory does not have driver. [C:/MIPS_Processor/vivado_synthesis/MIPS_CPU/src/components/instructionmemory.v:22]
WARNING: [Synth 8-3848] Net mem in module/entity memory does not have driver. [C:/MIPS_Processor/vivado_synthesis/MIPS_CPU/src/components/instructionmemory.v:22]
WARNING: [Synth 8-3848] Net mem in module/entity memory does not have driver. [C:/MIPS_Processor/vivado_synthesis/MIPS_CPU/src/components/instructionmemory.v:22]
WARNING: [Synth 8-3848] Net mem in module/entity memory does not have driver. [C:/MIPS_Processor/vivado_synthesis/MIPS_CPU/src/components/instructionmemory.v:22]
WARNING: [Synth 8-3848] Net mem in module/entity memory does not have driver. [C:/MIPS_Processor/vivado_synthesis/MIPS_CPU/src/components/instructionmemory.v:22]
WARNING: [Synth 8-3848] Net mem in module/entity memory does not have driver. [C:/MIPS_Processor/vivado_synthesis/MIPS_CPU/src/components/instructionmemory.v:22]
WARNING: [Synth 8-3848] Net mem in module/entity memory does not have driver. [C:/MIPS_Processor/vivado_synthesis/MIPS_CPU/src/components/instructionmemory.v:22]
WARNING: [Synth 8-3848] Net mem in module/entity memory does not have driver. [C:/MIPS_Processor/vivado_synthesis/MIPS_CPU/src/components/instructionmemory.v:22]
WARNING: [Synth 8-3848] Net mem in module/entity memory does not have driver. [C:/MIPS_Processor/vivado_synthesis/MIPS_CPU/src/components/instructionmemory.v:22]
INFO: [Common 17-14] Message 'Synth 8-3848' appears 100 times and further instances of the messages will be disabled. Use the Tcl command set_msg_config to change the current settings.
INFO: [Synth 8-256] done synthesizing module 'memory' (2#1) [C:/MIPS_Processor/vivado_synthesis/MIPS_CPU/src/components/instructionmemory.v:9]
INFO: [Synth 8-638] synthesizing module 'instructiondecode' [C:/MIPS_Processor/vivado_synthesis/MIPS_CPU/src/components/instructiondecode.v:9]
INFO: [Synth 8-256] done synthesizing module 'instructiondecode' (3#1) [C:/MIPS_Processor/vivado_synthesis/MIPS_CPU/src/components/instructiondecode.v:9]
INFO: [Synth 8-638] synthesizing module 'adder' [C:/MIPS_Processor/vivado_synthesis/MIPS_CPU/src/components/adder.v:8]
	Parameter width bound to: 32 - type: integer 
INFO: [Synth 8-256] done synthesizing module 'adder' (4#1) [C:/MIPS_Processor/vivado_synthesis/MIPS_CPU/src/components/adder.v:8]
INFO: [Synth 8-638] synthesizing module 'shift2' [C:/MIPS_Processor/vivado_synthesis/MIPS_CPU/src/components/shifter.v:9]
	Parameter width_in bound to: 26 - type: integer 
	Parameter width_out bound to: 28 - type: integer 
INFO: [Synth 8-256] done synthesizing module 'shift2' (5#1) [C:/MIPS_Processor/vivado_synthesis/MIPS_CPU/src/components/shifter.v:9]
INFO: [Synth 8-638] synthesizing module 'shift2__parameterized0' [C:/MIPS_Processor/vivado_synthesis/MIPS_CPU/src/components/shifter.v:9]
	Parameter width_in bound to: 32 - type: integer 
	Parameter width_out bound to: 32 - type: integer 
WARNING: [Synth 8-693] zero replication count - replication ignored [C:/MIPS_Processor/vivado_synthesis/MIPS_CPU/src/components/shifter.v:17]
INFO: [Synth 8-256] done synthesizing module 'shift2__parameterized0' (5#1) [C:/MIPS_Processor/vivado_synthesis/MIPS_CPU/src/components/shifter.v:9]
INFO: [Synth 8-638] synthesizing module 'signextend' [C:/MIPS_Processor/vivado_synthesis/MIPS_CPU/src/components/signextend.v:8]
INFO: [Synth 8-256] done synthesizing module 'signextend' (6#1) [C:/MIPS_Processor/vivado_synthesis/MIPS_CPU/src/components/signextend.v:8]
INFO: [Synth 8-638] synthesizing module 'mux_2d' [C:/MIPS_Processor/vivado_synthesis/MIPS_CPU/src/components/muxes.v:10]
	Parameter width bound to: 32 - type: integer 
INFO: [Synth 8-256] done synthesizing module 'mux_2d' (7#1) [C:/MIPS_Processor/vivado_synthesis/MIPS_CPU/src/components/muxes.v:10]
INFO: [Synth 8-638] synthesizing module 'mux_2d__parameterized0' [C:/MIPS_Processor/vivado_synthesis/MIPS_CPU/src/components/muxes.v:10]
	Parameter width bound to: 5 - type: integer 
INFO: [Synth 8-256] done synthesizing module 'mux_2d__parameterized0' (7#1) [C:/MIPS_Processor/vivado_synthesis/MIPS_CPU/src/components/muxes.v:10]
INFO: [Synth 8-638] synthesizing module 'mux_2d__parameterized1' [C:/MIPS_Processor/vivado_synthesis/MIPS_CPU/src/components/muxes.v:10]
	Parameter width bound to: 5 - type: integer 
INFO: [Synth 8-256] done synthesizing module 'mux_2d__parameterized1' (7#1) [C:/MIPS_Processor/vivado_synthesis/MIPS_CPU/src/components/muxes.v:10]
INFO: [Synth 8-638] synthesizing module 'regfile' [C:/MIPS_Processor/vivado_synthesis/MIPS_CPU/src/components/regfile.v:13]
INFO: [Synth 8-638] synthesizing module 'decoder1to32' [C:/MIPS_Processor/vivado_synthesis/MIPS_CPU/src/components/regfile.v:212]
INFO: [Synth 8-256] done synthesizing module 'decoder1to32' (8#1) [C:/MIPS_Processor/vivado_synthesis/MIPS_CPU/src/components/regfile.v:212]
INFO: [Synth 8-638] synthesizing module 'register32' [C:/MIPS_Processor/vivado_synthesis/MIPS_CPU/src/components/regfile.v:109]
	Parameter SIZE bound to: 32 - type: integer 
INFO: [Synth 8-256] done synthesizing module 'register32' (9#1) [C:/MIPS_Processor/vivado_synthesis/MIPS_CPU/src/components/regfile.v:109]
INFO: [Synth 8-638] synthesizing module 'register32zero' [C:/MIPS_Processor/vivado_synthesis/MIPS_CPU/src/components/regfile.v:141]
	Parameter SIZE bound to: 32 - type: integer 
INFO: [Synth 8-256] done synthesizing module 'register32zero' (10#1) [C:/MIPS_Processor/vivado_synthesis/MIPS_CPU/src/components/regfile.v:141]
INFO: [Synth 8-638] synthesizing module 'mux32to1by32' [C:/MIPS_Processor/vivado_synthesis/MIPS_CPU/src/components/regfile.v:161]
INFO: [Synth 8-256] done synthesizing module 'mux32to1by32' (11#1) [C:/MIPS_Processor/vivado_synthesis/MIPS_CPU/src/components/regfile.v:161]
INFO: [Synth 8-256] done synthesizing module 'regfile' (12#1) [C:/MIPS_Processor/vivado_synthesis/MIPS_CPU/src/components/regfile.v:13]
INFO: [Synth 8-638] synthesizing module 'MIPSALU' [C:/MIPS_Processor/vivado_synthesis/MIPS_CPU/src/components/alu.v:22]
INFO: [Synth 8-256] done synthesizing module 'MIPSALU' (13#1) [C:/MIPS_Processor/vivado_synthesis/MIPS_CPU/src/components/alu.v:22]
INFO: [Synth 8-638] synthesizing module 'datamemory' [C:/MIPS_Processor/vivado_synthesis/MIPS_CPU/src/components/datamemory.v:13]
	Parameter addresswidth bound to: 32 - type: integer 
	Parameter depth bound to: 16384 - type: integer 
	Parameter width bound to: 32 - type: integer 
	Parameter loadfrom bound to: (null) - type: string 
INFO: [Synth 8-256] done synthesizing module 'datamemory' (14#1) [C:/MIPS_Processor/vivado_synthesis/MIPS_CPU/src/components/datamemory.v:13]
INFO: [Synth 8-638] synthesizing module 'ALUControl' [C:/MIPS_Processor/vivado_synthesis/MIPS_CPU/src/components/alu.v:99]
INFO: [Synth 8-256] done synthesizing module 'ALUControl' (15#1) [C:/MIPS_Processor/vivado_synthesis/MIPS_CPU/src/components/alu.v:99]
INFO: [Synth 8-638] synthesizing module 'control' [C:/MIPS_Processor/vivado_synthesis/MIPS_CPU/src/components/control.v:10]
	Parameter LW bound to: 6'b100011 
	Parameter SW bound to: 6'b101011 
	Parameter J bound to: 6'b000010 
	Parameter JR bound to: 6'b001000 
	Parameter JAL bound to: 6'b000011 
	Parameter BNE bound to: 6'b000101 
	Parameter XORI bound to: 6'b001110 
	Parameter ADD bound to: 6'b100000 
	Parameter ADDI bound to: 6'b001000 
	Parameter SUB bound to: 6'b100010 
	Parameter SLT bound to: 6'b101010 
	Parameter SYSCALL bound to: 6'b001100 
	Parameter NOOP bound to: 6'b000000 
	Parameter More bound to: 6'b000000 
	Parameter err bound to: 6'bxxxxxx 
WARNING: [Synth 8-153] case item 6'bxxxxxx will never be executed [C:/MIPS_Processor/vivado_synthesis/MIPS_CPU/src/components/control.v:27]
WARNING: [Synth 8-153] case item 6'bxxxxxx will never be executed [C:/MIPS_Processor/vivado_synthesis/MIPS_CPU/src/components/control.v:141]
INFO: [Synth 8-256] done synthesizing module 'control' (16#1) [C:/MIPS_Processor/vivado_synthesis/MIPS_CPU/src/components/control.v:10]
WARNING: [Synth 8-85] always block has no event control specified [C:/MIPS_Processor/vivado_synthesis/MIPS_CPU/src/cpu.v:247]
INFO: [Synth 8-256] done synthesizing module 'cpu' (17#1) [C:/MIPS_Processor/vivado_synthesis/MIPS_CPU/src/cpu.v:14]
---------------------------------------------------------------------------------
Finished RTL Elaboration : Time (s): cpu = 00:00:37 ; elapsed = 00:00:40 . Memory (MB): peak = 504.180 ; gain = 323.664
---------------------------------------------------------------------------------

Report Check Netlist: 
+------+------------------+-------+---------+-------+------------------+
|      |Item              |Errors |Warnings |Status |Description       |
+------+------------------+-------+---------+-------+------------------+
|1     |multi_driven_nets |      0|        0|Passed |Multi driven nets |
+------+------------------+-------+---------+-------+------------------+
---------------------------------------------------------------------------------
Finished RTL Optimization Phase 1 : Time (s): cpu = 00:00:47 ; elapsed = 00:00:49 . Memory (MB): peak = 504.180 ; gain = 323.664
---------------------------------------------------------------------------------
INFO: [Device 21-403] Loading part xc7z010clg400-1
INFO: [Project 1-570] Preparing netlist for logic optimization

Processing XDC Constraints
Initializing timing engine
Parsing XDC File [C:/Users/reggert/Box Sync/Olin/Year IV/CompArch/support/ZYBO_Master.xdc]
Finished Parsing XDC File [C:/Users/reggert/Box Sync/Olin/Year IV/CompArch/support/ZYBO_Master.xdc]
Completed Processing XDC Constraints

INFO: [Project 1-111] Unisim Transformation Summary:
No Unisim elements were transformed.

Constraint Validation Runtime : Time (s): cpu = 00:00:00 ; elapsed = 00:00:00.004 . Memory (MB): peak = 948.125 ; gain = 0.000
---------------------------------------------------------------------------------
Finished Constraint Validation : Time (s): cpu = 00:02:06 ; elapsed = 00:02:10 . Memory (MB): peak = 948.125 ; gain = 767.609
---------------------------------------------------------------------------------
---------------------------------------------------------------------------------
Start Loading Part and Timing Information
---------------------------------------------------------------------------------
Loading part: xc7z010clg400-1
---------------------------------------------------------------------------------
Finished Loading Part and Timing Information : Time (s): cpu = 00:02:06 ; elapsed = 00:02:10 . Memory (MB): peak = 948.125 ; gain = 767.609
---------------------------------------------------------------------------------
---------------------------------------------------------------------------------
Start Applying 'set_property' XDC Constraints
---------------------------------------------------------------------------------
---------------------------------------------------------------------------------
Finished applying 'set_property' XDC Constraints : Time (s): cpu = 00:02:06 ; elapsed = 00:02:10 . Memory (MB): peak = 948.125 ; gain = 767.609
---------------------------------------------------------------------------------
ROM size is below threshold of ROM address width. It will be mapped to LUTs
INFO: [Synth 8-5546] ROM "RegDst" won't be mapped to RAM because it is too sparse
INFO: [Synth 8-5546] ROM "Jump" won't be mapped to RAM because it is too sparse
INFO: [Synth 8-5546] ROM "Branch" won't be mapped to RAM because it is too sparse
INFO: [Synth 8-5546] ROM "MemRead" won't be mapped to RAM because it is too sparse
INFO: [Synth 8-5546] ROM "MemWrite" won't be mapped to RAM because it is too sparse
ROM size is below threshold of ROM address width. It will be mapped to LUTs
WARNING: [Synth 8-327] inferring latch for variable 'ovf_reg' [C:/MIPS_Processor/vivado_synthesis/MIPS_CPU/src/components/alu.v:35]
WARNING: [Synth 8-327] inferring latch for variable 'cout_reg' [C:/MIPS_Processor/vivado_synthesis/MIPS_CPU/src/components/alu.v:34]
WARNING: [Synth 8-327] inferring latch for variable 'Jump_reg' [C:/MIPS_Processor/vivado_synthesis/MIPS_CPU/src/components/control.v:32]
WARNING: [Synth 8-327] inferring latch for variable 'Branch_reg' [C:/MIPS_Processor/vivado_synthesis/MIPS_CPU/src/components/control.v:34]
WARNING: [Synth 8-327] inferring latch for variable 'MemRead_reg' [C:/MIPS_Processor/vivado_synthesis/MIPS_CPU/src/components/control.v:35]
WARNING: [Synth 8-327] inferring latch for variable 'MemWrite_reg' [C:/MIPS_Processor/vivado_synthesis/MIPS_CPU/src/components/control.v:39]
WARNING: [Synth 8-327] inferring latch for variable 'ALUSrc_reg' [C:/MIPS_Processor/vivado_synthesis/MIPS_CPU/src/components/control.v:40]
WARNING: [Synth 8-327] inferring latch for variable 'RegWrite_reg' [C:/MIPS_Processor/vivado_synthesis/MIPS_CPU/src/components/control.v:41]
WARNING: [Synth 8-327] inferring latch for variable 'JumpSel_reg' [C:/MIPS_Processor/vivado_synthesis/MIPS_CPU/src/components/control.v:33]
WARNING: [Synth 8-327] inferring latch for variable 'RegDst_reg' [C:/MIPS_Processor/vivado_synthesis/MIPS_CPU/src/components/control.v:31]
WARNING: [Synth 8-327] inferring latch for variable 'WriDataSel_reg' [C:/MIPS_Processor/vivado_synthesis/MIPS_CPU/src/components/control.v:42]
WARNING: [Synth 8-327] inferring latch for variable 'ALUOp_reg' [C:/MIPS_Processor/vivado_synthesis/MIPS_CPU/src/components/control.v:37]
---------------------------------------------------------------------------------
Finished RTL Optimization Phase 2 : Time (s): cpu = 00:03:44 ; elapsed = 00:03:51 . Memory (MB): peak = 948.125 ; gain = 767.609
---------------------------------------------------------------------------------

Report RTL Partitions: 
+------+--------------+------------+----------+
|      |RTL Partition |Replication |Instances |
+------+--------------+------------+----------+
|1     |muxpart       |           1|    524256|
|2     |cpu__GC0      |           1|      4765|
+------+--------------+------------+----------+
---------------------------------------------------------------------------------
Start RTL Component Statistics 
---------------------------------------------------------------------------------
Detailed RTL Component Info : 
+---Adders : 
	   3 Input     33 Bit       Adders := 2     
	   2 Input     32 Bit       Adders := 2     
+---XORs : 
	   2 Input     32 Bit         XORs := 1     
+---Registers : 
	               32 Bit    Registers := 34    
+---RAMs : 
	             128K Bit         RAMs := 1     
+---Muxes : 
	   2 Input     32 Bit        Muxes := 6     
	   9 Input     32 Bit        Muxes := 1     
	   7 Input      6 Bit        Muxes := 1     
	   5 Input      6 Bit        Muxes := 1     
	   2 Input      5 Bit        Muxes := 2     
	   2 Input      4 Bit        Muxes := 1     
	   9 Input      4 Bit        Muxes := 1     
	   9 Input      3 Bit        Muxes := 1     
	   9 Input      2 Bit        Muxes := 5     
	   9 Input      1 Bit        Muxes := 8     
	   7 Input      1 Bit        Muxes := 5     
	   3 Input      1 Bit        Muxes := 4     
	   4 Input      1 Bit        Muxes := 1     
---------------------------------------------------------------------------------
Finished RTL Component Statistics 
---------------------------------------------------------------------------------
---------------------------------------------------------------------------------
Start RTL Hierarchical Component Statistics 
---------------------------------------------------------------------------------
Hierarchical RTL Component report 
Module pc 
Detailed RTL Component Info : 
+---Registers : 
	               32 Bit    Registers := 1     
Module adder__1 
Detailed RTL Component Info : 
+---Adders : 
	   2 Input     32 Bit       Adders := 1     
Module adder 
Detailed RTL Component Info : 
+---Adders : 
	   2 Input     32 Bit       Adders := 1     
Module mux_2d__1 
Detailed RTL Component Info : 
+---Muxes : 
	   2 Input     32 Bit        Muxes := 1     
Module mux_2d__2 
Detailed RTL Component Info : 
+---Muxes : 
	   2 Input     32 Bit        Muxes := 1     
Module mux_2d__3 
Detailed RTL Component Info : 
+---Muxes : 
	   2 Input     32 Bit        Muxes := 1     
Module mux_2d__parameterized0 
Detailed RTL Component Info : 
+---Muxes : 
	   2 Input      5 Bit        Muxes := 1     
Module mux_2d__parameterized1 
Detailed RTL Component Info : 
+---Muxes : 
	   2 Input      5 Bit        Muxes := 1     
Module mux_2d__4 
Detailed RTL Component Info : 
+---Muxes : 
	   2 Input     32 Bit        Muxes := 1     
Module register32__1 
Detailed RTL Component Info : 
+---Registers : 
	               32 Bit    Registers := 1     
Module register32__2 
Detailed RTL Component Info : 
+---Registers : 
	               32 Bit    Registers := 1     
Module register32__3 
Detailed RTL Component Info : 
+---Registers : 
	               32 Bit    Registers := 1     
Module register32__4 
Detailed RTL Component Info : 
+---Registers : 
	               32 Bit    Registers := 1     
Module register32__5 
Detailed RTL Component Info : 
+---Registers : 
	               32 Bit    Registers := 1     
Module register32__6 
Detailed RTL Component Info : 
+---Registers : 
	               32 Bit    Registers := 1     
Module register32__7 
Detailed RTL Component Info : 
+---Registers : 
	               32 Bit    Registers := 1     
Module register32__8 
Detailed RTL Component Info : 
+---Registers : 
	               32 Bit    Registers := 1     
Module register32__9 
Detailed RTL Component Info : 
+---Registers : 
	               32 Bit    Registers := 1     
Module register32__10 
Detailed RTL Component Info : 
+---Registers : 
	               32 Bit    Registers := 1     
Module register32__11 
Detailed RTL Component Info : 
+---Registers : 
	               32 Bit    Registers := 1     
Module register32__12 
Detailed RTL Component Info : 
+---Registers : 
	               32 Bit    Registers := 1     
Module register32__13 
Detailed RTL Component Info : 
+---Registers : 
	               32 Bit    Registers := 1     
Module register32__14 
Detailed RTL Component Info : 
+---Registers : 
	               32 Bit    Registers := 1     
Module register32__15 
Detailed RTL Component Info : 
+---Registers : 
	               32 Bit    Registers := 1     
Module register32__16 
Detailed RTL Component Info : 
+---Registers : 
	               32 Bit    Registers := 1     
Module register32__17 
Detailed RTL Component Info : 
+---Registers : 
	               32 Bit    Registers := 1     
Module register32__18 
Detailed RTL Component Info : 
+---Registers : 
	               32 Bit    Registers := 1     
Module register32__19 
Detailed RTL Component Info : 
+---Registers : 
	               32 Bit    Registers := 1     
Module register32__20 
Detailed RTL Component Info : 
+---Registers : 
	               32 Bit    Registers := 1     
Module register32__21 
Detailed RTL Component Info : 
+---Registers : 
	               32 Bit    Registers := 1     
Module register32__22 
Detailed RTL Component Info : 
+---Registers : 
	               32 Bit    Registers := 1     
Module register32__23 
Detailed RTL Component Info : 
+---Registers : 
	               32 Bit    Registers := 1     
Module register32__24 
Detailed RTL Component Info : 
+---Registers : 
	               32 Bit    Registers := 1     
Module register32__25 
Detailed RTL Component Info : 
+---Registers : 
	               32 Bit    Registers := 1     
Module register32__26 
Detailed RTL Component Info : 
+---Registers : 
	               32 Bit    Registers := 1     
Module register32__27 
Detailed RTL Component Info : 
+---Registers : 
	               32 Bit    Registers := 1     
Module register32__28 
Detailed RTL Component Info : 
+---Registers : 
	               32 Bit    Registers := 1     
Module register32__29 
Detailed RTL Component Info : 
+---Registers : 
	               32 Bit    Registers := 1     
Module register32__30 
Detailed RTL Component Info : 
+---Registers : 
	               32 Bit    Registers := 1     
Module register32 
Detailed RTL Component Info : 
+---Registers : 
	               32 Bit    Registers := 1     
Module register32zero 
Detailed RTL Component Info : 
+---Registers : 
	               32 Bit    Registers := 1     
Module mux_2d__5 
Detailed RTL Component Info : 
+---Muxes : 
	   2 Input     32 Bit        Muxes := 1     
Module MIPSALU 
Detailed RTL Component Info : 
+---Adders : 
	   3 Input     33 Bit       Adders := 2     
+---XORs : 
	   2 Input     32 Bit         XORs := 1     
+---Muxes : 
	   9 Input     32 Bit        Muxes := 1     
	   9 Input      1 Bit        Muxes := 4     
Module datamemory 
Detailed RTL Component Info : 
+---Registers : 
	               32 Bit    Registers := 1     
+---RAMs : 
	             128K Bit         RAMs := 1     
Module mux_2d 
Detailed RTL Component Info : 
+---Muxes : 
	   2 Input     32 Bit        Muxes := 1     
Module ALUControl 
Detailed RTL Component Info : 
+---Muxes : 
	   2 Input      4 Bit        Muxes := 1     
	   9 Input      4 Bit        Muxes := 1     
Module control 
Detailed RTL Component Info : 
+---Muxes : 
	   7 Input      6 Bit        Muxes := 1     
	   5 Input      6 Bit        Muxes := 1     
	   9 Input      3 Bit        Muxes := 1     
	   9 Input      2 Bit        Muxes := 5     
	   7 Input      1 Bit        Muxes := 5     
	   3 Input      1 Bit        Muxes := 4     
	   9 Input      1 Bit        Muxes := 4     
	   4 Input      1 Bit        Muxes := 1     
---------------------------------------------------------------------------------
Finished RTL Hierarchical Component Statistics
---------------------------------------------------------------------------------
---------------------------------------------------------------------------------
Start Part Resource Summary
---------------------------------------------------------------------------------
Part Resources:
DSPs: 80 (col length:40)
BRAMs: 120 (col length: RAMB18 40 RAMB36 20)
---------------------------------------------------------------------------------
Finished Part Resource Summary
---------------------------------------------------------------------------------
Start Parallel Synthesis Optimization  : Time (s): cpu = 00:03:58 ; elapsed = 00:04:05 . Memory (MB): peak = 948.125 ; gain = 767.609
---------------------------------------------------------------------------------
Start Cross Boundary Optimization
---------------------------------------------------------------------------------
---------------------------------------------------------------------------------
Finished Cross Boundary Optimization : Time (s): cpu = 00:04:00 ; elapsed = 00:04:07 . Memory (MB): peak = 948.125 ; gain = 767.609
---------------------------------------------------------------------------------
Finished Parallel Reinference  : Time (s): cpu = 00:04:00 ; elapsed = 00:04:07 . Memory (MB): peak = 948.125 ; gain = 767.609

Report RTL Partitions: 
+------+--------------+------------+----------+
|      |RTL Partition |Replication |Instances |
+------+--------------+------------+----------+
|1     |muxpart       |           1|    524256|
|2     |cpu__GC0      |           1|      4980|
+------+--------------+------------+----------+
---------------------------------------------------------------------------------
Start ROM, RAM, DSP and Shift Register Reporting
---------------------------------------------------------------------------------

Block RAM:
+------------+---------------------------+------------------------+---+---+------------------------+---+---+---------+--------+--------+-------------------+
|Module Name | RTL Object                | PORT A (Depth x Width) | W | R | PORT B (Depth x Width) | W | R | OUT_REG | RAMB18 | RAMB36 | Hierarchical Name | 
+------------+---------------------------+------------------------+---+---+------------------------+---+---+---------+--------+--------+-------------------+
|cpu__GC0    | datamemory_cpu/memory_reg | 4 K x 32(READ_FIRST)   | W | R |                        |   |   | Port A  | 0      | 4      | extram__2         | 
+------------+---------------------------+------------------------+---+---+------------------------+---+---+---------+--------+--------+-------------------+

Note: The table shows the Block RAMs at the current stage of the synthesis flow. Some Block RAMs may be reimplemented as non Block RAM primitives later in the synthesis flow. Multiple instantiated Block RAMs are reported only once. "Hierarchical Name" reflects the Block RAM name as it appears in the hierarchical module and only part of it is displayed.
---------------------------------------------------------------------------------
Finished ROM, RAM, DSP and Shift Register Reporting
---------------------------------------------------------------------------------
---------------------------------------------------------------------------------
Start Area Optimization
---------------------------------------------------------------------------------
---------------------------------------------------------------------------------
Finished Area Optimization : Time (s): cpu = 00:04:03 ; elapsed = 00:04:11 . Memory (MB): peak = 948.125 ; gain = 767.609
---------------------------------------------------------------------------------
Finished Parallel Area Optimization  : Time (s): cpu = 00:04:03 ; elapsed = 00:04:11 . Memory (MB): peak = 948.125 ; gain = 767.609

Report RTL Partitions: 
+-+--------------+------------+----------+
| |RTL Partition |Replication |Instances |
+-+--------------+------------+----------+
+-+--------------+------------+----------+
Finished Parallel Synthesis Optimization  : Time (s): cpu = 00:04:03 ; elapsed = 00:04:11 . Memory (MB): peak = 948.125 ; gain = 767.609
---------------------------------------------------------------------------------
Start Timing Optimization
---------------------------------------------------------------------------------
---------------------------------------------------------------------------------
Start Applying XDC Timing Constraints
---------------------------------------------------------------------------------
---------------------------------------------------------------------------------
Finished Applying XDC Timing Constraints : Time (s): cpu = 00:04:28 ; elapsed = 00:04:36 . Memory (MB): peak = 948.125 ; gain = 767.609
---------------------------------------------------------------------------------
---------------------------------------------------------------------------------
Finished Timing Optimization : Time (s): cpu = 00:04:28 ; elapsed = 00:04:36 . Memory (MB): peak = 948.125 ; gain = 767.609
---------------------------------------------------------------------------------

Report RTL Partitions: 
+-+--------------+------------+----------+
| |RTL Partition |Replication |Instances |
+-+--------------+------------+----------+
+-+--------------+------------+----------+
---------------------------------------------------------------------------------
Start Technology Mapping
---------------------------------------------------------------------------------
---------------------------------------------------------------------------------
Finished Technology Mapping : Time (s): cpu = 00:04:28 ; elapsed = 00:04:36 . Memory (MB): peak = 948.125 ; gain = 767.609
---------------------------------------------------------------------------------

Report RTL Partitions: 
+-+--------------+------------+----------+
| |RTL Partition |Replication |Instances |
+-+--------------+------------+----------+
+-+--------------+------------+----------+
---------------------------------------------------------------------------------
Start IO Insertion
---------------------------------------------------------------------------------
---------------------------------------------------------------------------------
Start Final Netlist Cleanup
---------------------------------------------------------------------------------
---------------------------------------------------------------------------------
Finished Final Netlist Cleanup
---------------------------------------------------------------------------------
---------------------------------------------------------------------------------
Finished IO Insertion : Time (s): cpu = 00:04:28 ; elapsed = 00:04:36 . Memory (MB): peak = 948.125 ; gain = 767.609
---------------------------------------------------------------------------------

Report Check Netlist: 
+------+------------------+-------+---------+-------+------------------+
|      |Item              |Errors |Warnings |Status |Description       |
+------+------------------+-------+---------+-------+------------------+
|1     |multi_driven_nets |      0|        0|Passed |Multi driven nets |
+------+------------------+-------+---------+-------+------------------+
---------------------------------------------------------------------------------
Start Renaming Generated Instances
---------------------------------------------------------------------------------
---------------------------------------------------------------------------------
Finished Renaming Generated Instances : Time (s): cpu = 00:04:28 ; elapsed = 00:04:36 . Memory (MB): peak = 948.125 ; gain = 767.609
---------------------------------------------------------------------------------

Report RTL Partitions: 
+-+--------------+------------+----------+
| |RTL Partition |Replication |Instances |
+-+--------------+------------+----------+
+-+--------------+------------+----------+
---------------------------------------------------------------------------------
Start Rebuilding User Hierarchy
---------------------------------------------------------------------------------
---------------------------------------------------------------------------------
Finished Rebuilding User Hierarchy : Time (s): cpu = 00:04:28 ; elapsed = 00:04:36 . Memory (MB): peak = 948.125 ; gain = 767.609
---------------------------------------------------------------------------------
---------------------------------------------------------------------------------
Start Renaming Generated Ports : Time (s): cpu = 00:04:28 ; elapsed = 00:04:36 . Memory (MB): peak = 948.125 ; gain = 767.609
---------------------------------------------------------------------------------
---------------------------------------------------------------------------------
Finished Renaming Generated Ports : Time (s): cpu = 00:04:28 ; elapsed = 00:04:36 . Memory (MB): peak = 948.125 ; gain = 767.609
---------------------------------------------------------------------------------
---------------------------------------------------------------------------------
Start Writing Synthesis Report
---------------------------------------------------------------------------------

Report BlackBoxes: 
+-+--------------+----------+
| |BlackBox name |Instances |
+-+--------------+----------+
+-+--------------+----------+

Report Cell Usage: 
+-+-----+------+
| |Cell |Count |
+-+-----+------+
+-+-----+------+

Report Instance Areas: 
+------+---------+-------+------+
|      |Instance |Module |Cells |
+------+---------+-------+------+
|1     |top      |       |     0|
+------+---------+-------+------+
---------------------------------------------------------------------------------
Finished Writing Synthesis Report : Time (s): cpu = 00:04:28 ; elapsed = 00:04:37 . Memory (MB): peak = 948.125 ; gain = 767.609
---------------------------------------------------------------------------------
Synthesis finished with 0 errors, 0 critical warnings and 12 warnings.
Synthesis Optimization Runtime : Time (s): cpu = 00:02:36 ; elapsed = 00:03:25 . Memory (MB): peak = 948.125 ; gain = 312.180
Synthesis Optimization Complete : Time (s): cpu = 00:04:29 ; elapsed = 00:04:37 . Memory (MB): peak = 948.125 ; gain = 767.609
INFO: [Project 1-571] Translating synthesized netlist
INFO: [Project 1-570] Preparing netlist for logic optimization
INFO: [Opt 31-138] Pushed 0 inverter(s) to 0 load pin(s).
INFO: [Project 1-111] Unisim Transformation Summary:
No Unisim elements were transformed.

INFO: [Common 17-83] Releasing license: Synthesis
55 Infos, 116 Warnings, 0 Critical Warnings and 0 Errors encountered.
synth_design completed successfully
synth_design: Time (s): cpu = 00:04:28 ; elapsed = 00:04:35 . Memory (MB): peak = 948.125 ; gain = 756.125
report_utilization: Time (s): cpu = 00:00:00 ; elapsed = 00:00:00.042 . Memory (MB): peak = 948.125 ; gain = 0.000
INFO: [Common 17-206] Exiting Vivado at Mon Nov 23 18:01:13 2015...
